Determining if the pthread_create exist failed with the following output:
Change Dir: /home/vidd/Desktop/Grafi/build/CMakeFiles/CMakeTmp

Run Build Command:"/usr/bin/make" "cmTryCompileExec1780602347/fast"
/usr/bin/make -f CMakeFiles/cmTryCompileExec1780602347.dir/build.make CMakeFiles/cmTryCompileExec1780602347.dir/build
make[1]: Entering directory '/home/vidd/Desktop/Grafi/build/CMakeFiles/CMakeTmp'
/usr/bin/cmake -E cmake_progress_report /home/vidd/Desktop/Grafi/build/CMakeFiles/CMakeTmp/CMakeFiles 1
Building C object CMakeFiles/cmTryCompileExec1780602347.dir/CheckSymbolExists.c.o
/usr/bin/cc    -o CMakeFiles/cmTryCompileExec1780602347.dir/CheckSymbolExists.c.o   -c /home/vidd/Desktop/Grafi/build/CMakeFiles/CMakeTmp/CheckSymbolExists.c
Linking C executable cmTryCompileExec1780602347
/usr/bin/cmake -E cmake_link_script CMakeFiles/cmTryCompileExec1780602347.dir/link.txt --verbose=1
/usr/bin/cc       CMakeFiles/cmTryCompileExec1780602347.dir/CheckSymbolExists.c.o  -o cmTryCompileExec1780602347 -rdynamic 
CMakeFiles/cmTryCompileExec1780602347.dir/CheckSymbolExists.c.o: In function `main':
CheckSymbolExists.c:(.text+0x16): undefined reference to `pthread_create'
collect2: error: ld returned 1 exit status
CMakeFiles/cmTryCompileExec1780602347.dir/build.make:88: recipe for target 'cmTryCompileExec1780602347' failed
make[1]: *** [cmTryCompileExec1780602347] Error 1
make[1]: Leaving directory '/home/vidd/Desktop/Grafi/build/CMakeFiles/CMakeTmp'
Makefile:117: recipe for target 'cmTryCompileExec1780602347/fast' failed
make: *** [cmTryCompileExec1780602347/fast] Error 2

File /home/vidd/Desktop/Grafi/build/CMakeFiles/CMakeTmp/CheckSymbolExists.c:
/* */
#include <pthread.h>

int main(int argc, char** argv)
{
  (void)argv;
#ifndef pthread_create
  return ((int*)(&pthread_create))[argc];
#else
  (void)argc;
  return 0;
#endif
}

Determining if the function pthread_create exists in the pthreads failed with the following output:
Change Dir: /home/vidd/Desktop/Grafi/build/CMakeFiles/CMakeTmp

Run Build Command:"/usr/bin/make" "cmTryCompileExec640946189/fast"
/usr/bin/make -f CMakeFiles/cmTryCompileExec640946189.dir/build.make CMakeFiles/cmTryCompileExec640946189.dir/build
make[1]: Entering directory '/home/vidd/Desktop/Grafi/build/CMakeFiles/CMakeTmp'
/usr/bin/cmake -E cmake_progress_report /home/vidd/Desktop/Grafi/build/CMakeFiles/CMakeTmp/CMakeFiles 1
Building C object CMakeFiles/cmTryCompileExec640946189.dir/CheckFunctionExists.c.o
/usr/bin/cc   -DCHECK_FUNCTION_EXISTS=pthread_create   -o CMakeFiles/cmTryCompileExec640946189.dir/CheckFunctionExists.c.o   -c /usr/share/cmake-3.2/Modules/CheckFunctionExists.c
Linking C executable cmTryCompileExec640946189
/usr/bin/cmake -E cmake_link_script CMakeFiles/cmTryCompileExec640946189.dir/link.txt --verbose=1
/usr/bin/cc   -DCHECK_FUNCTION_EXISTS=pthread_create    CMakeFiles/cmTryCompileExec640946189.dir/CheckFunctionExists.c.o  -o cmTryCompileExec640946189 -rdynamic -lpthreads 
/usr/bin/ld: cannot find -lpthreads
collect2: error: ld returned 1 exit status
CMakeFiles/cmTryCompileExec640946189.dir/build.make:88: recipe for target 'cmTryCompileExec640946189' failed
make[1]: *** [cmTryCompileExec640946189] Error 1
make[1]: Leaving directory '/home/vidd/Desktop/Grafi/build/CMakeFiles/CMakeTmp'
Makefile:117: recipe for target 'cmTryCompileExec640946189/fast' failed
make: *** [cmTryCompileExec640946189/fast] Error 2


